<html>
<head>
<title>TestNG:  Default test</title>
<link href="../testng.css" rel="stylesheet" type="text/css" />
<link href="../my-testng.css" rel="stylesheet" type="text/css" />

<style type="text/css">
.log { display: none;} 
.stack-trace { display: none;} 
</style>
<script type="text/javascript">
<!--
function flip(e) {
  current = e.style.display;
  if (current == 'block') {
    e.style.display = 'none';
    return 0;
  }
  else {
    e.style.display = 'block';
    return 1;
  }
}

function toggleBox(szDivId, elem, msg1, msg2)
{
  var res = -1;  if (document.getElementById) {
    res = flip(document.getElementById(szDivId));
  }
  else if (document.all) {
    // this is the way old msie versions work
    res = flip(document.all[szDivId]);
  }
  if(elem) {
    if(res == 0) elem.innerHTML = msg1; else elem.innerHTML = msg2;
  }

}

function toggleAllBoxes() {
  if (document.getElementsByTagName) {
    d = document.getElementsByTagName('div');
    for (i = 0; i < d.length; i++) {
      if (d[i].className == 'log') {
        flip(d[i]);
      }
    }
  }
}

// -->
</script>

</head>
<body>
<h2 align='center'>Default test</h2><table border='1' align="center">
<tr>
<td>Tests passed/Failed/Skipped:</td><td>1/0/6</td>
</tr><tr>
<td>Started on:</td><td>Fri Nov 29 14:15:59 IST 2019</td>
</tr>
<tr><td>Total time:</td><td>54 seconds (54998 ms)</td>
</tr><tr>
<td>Included groups:</td><td></td>
</tr><tr>
<td>Excluded groups:</td><td></td>
</tr>
</table><p/>
<small><i>(Hover the method name to see the test class name)</i></small><p/>
<table width='100%' border='1' class='invocation-failed'>
<tr><td colspan='4' align='center'><b>FAILED CONFIGURATIONS</b></td></tr>
<tr><td><b>Test method</b></td>
<td width="30%"><b>Exception</b></td>
<td width="10%"><b>Time (seconds)</b></td>
<td><b>Instance</b></td>
</tr>
<tr>
<td title='com.Lulu.PagesTest.LoginPageTest.setUp()'><b>setUp</b><br>Test class: com.Lulu.PagesTest.LoginPageTest</td>
<td><div><pre>org.openqa.selenium.NoSuchWindowException: no such window: target window already closed
from unknown error: web view not found
  (Session info: chrome=78.0.3904.108)
Build info: version: &apos;3.14.0&apos;, revision: &apos;aacccce0&apos;, time: &apos;2018-08-02T20:19:58.91Z&apos;
System info: host: &apos;IN-GU1LPW100191&apos;, ip: &apos;10.144.228.226&apos;, os.name: &apos;Windows 10&apos;, os.arch: &apos;amd64&apos;, os.version: &apos;10.0&apos;, java.version: &apos;1.8.0_191&apos;
Driver info: org.openqa.selenium.chrome.ChromeDriver
Capabilities {acceptInsecureCerts: false, browserName: chrome, browserVersion: 78.0.3904.108, chrome: {chromedriverVersion: 78.0.3904.70 (edb9c9f3de024..., userDataDir: C:\Users\vaibhav\AppData\Lo...}, goog:chromeOptions: {debuggerAddress: localhost:58557}, javascriptEnabled: true, networkConnectionEnabled: false, pageLoadStrategy: normal, platform: XP, platformName: XP, proxy: Proxy(), setWindowRect: true, strictFileInteractability: false, timeouts: {implicit: 0, pageLoad: 300000, script: 30000}, unhandledPromptBehavior: dismiss and notify}
Session ID: 2106db047b9ed7ebbcb35c45c038bb29
*** Element info: {Using=xpath, value=//*[@class=&apos;toggle closed&apos;]}
	at sun.reflect.NativeConstructorAccessorImpl.newInstance0(Native Method)
	at sun.reflect.NativeConstructorAccessorImpl.newInstance(NativeConstructorAccessorImpl.java:62)
	at sun.reflect.DelegatingConstructorAccessorImpl.newInstance(DelegatingConstructorAccessorImpl.java:45)
	at java.lang.reflect.Constructor.newInstance(Constructor.java:423)
	at org.openqa.selenium.remote.http.W3CHttpResponseCodec.createException(W3CHttpResponseCodec.java:187)
	at org.openqa.selenium.remote.http.W3CHttpResponseCodec.decode(W3CHttpResponseCodec.java:122)
	at org.openqa.selenium.remote.http.W3CHttpResponseCodec.decode(W3CHttpResponseCodec.java:49)
	at org.openqa.selenium.remote.HttpCommandExecutor.execute(HttpCommandExecutor.java:158)
	at org.openqa.selenium.remote.service.DriverCommandExecutor.execute(DriverCommandExecutor.java:83)
	at org.openqa.selenium.remote.RemoteWebDriver.execute(RemoteWebDriver.java:548)
	at org.openqa.selenium.remote.RemoteWebDriver.findElement(RemoteWebDriver.java:322)
	at org.openqa.selenium.remote.RemoteWebDriver.findElementByXPath(RemoteWebDriver.java:424)
	at org.openqa.selenium.By$ByXPath.findElement(By.java:353)
	at org.openqa.selenium.remote.RemoteWebDriver.findElement(RemoteWebDriver.java:314)
	at org.openqa.selenium.support.pagefactory.DefaultElementLocator.findElement(DefaultElementLocator.java:69)
	at org.openqa.selenium.support.pagefactory.internal.LocatingElementHandler.invoke(LocatingElementHandler.java:38)
	at com.sun.proxy.$Proxy9.click(Unknown Source)
	at com.Lulu.Pages.HomePage.changeCountry(HomePage.java:31)
	at com.Lulu.PagesTest.LoginPageTest.setUp(LoginPageTest.java:32)
	at sun.reflect.NativeMethodAccessorImpl.invoke0(Native Method)
	at sun.reflect.NativeMethodAccessorImpl.invoke(NativeMethodAccessorImpl.java:62)
	at sun.reflect.DelegatingMethodAccessorImpl.invoke(DelegatingMethodAccessorImpl.java:43)
	at java.lang.reflect.Method.invoke(Method.java:498)
	at org.testng.internal.MethodInvocationHelper.invokeMethod(MethodInvocationHelper.java:86)
	at org.testng.internal.Invoker.invokeConfigurationMethod(Invoker.java:514)
	at org.testng.internal.Invoker.invokeConfigurations(Invoker.java:215)
	at org.testng.internal.Invoker.invokeMethod(Invoker.java:589)
	at org.testng.internal.Invoker.invokeTestMethod(Invoker.java:822)
	at org.testng.internal.Invoker.invokeTestMethods(Invoker.java:1130)
	at org.testng.internal.TestMethodWorker.invokeTestMethods(TestMethodWorker.java:129)
	at org.testng.internal.TestMethodWorker.run(TestMethodWorker.java:112)
	at org.testng.TestRunner.privateRun(TestRunner.java:782)
	at org.testng.TestRunner.run(TestRunner.java:632)
	at org.testng.SuiteRunner.runTest(SuiteRunner.java:366)
	at org.testng.SuiteRunner.runSequentially(SuiteRunner.java:361)
	at org.testng.SuiteRunner.privateRun(SuiteRunner.java:319)
	at org.testng.SuiteRunner.run(SuiteRunner.java:268)
	at org.testng.SuiteRunnerWorker.runSuite(SuiteRunnerWorker.java:52)
	at org.testng.SuiteRunnerWorker.run(SuiteRunnerWorker.java:86)
	at org.testng.TestNG.runSuitesSequentially(TestNG.java:1244)
	at org.testng.TestNG.runSuitesLocally(TestNG.java:1169)
	at org.testng.TestNG.run(TestNG.java:1064)
	at org.testng.remote.RemoteTestNG.run(RemoteTestNG.java:113)
	at org.testng.remote.RemoteTestNG.initAndRun(RemoteTestNG.java:206)
	at org.testng.remote.RemoteTestNG.main(RemoteTestNG.java:177)
</pre></div><a href='#' onClick='toggleBox("stack-trace288306765", this, "Click to show all stack frames", "Click to hide stack frames")'>Click to show all stack frames</a>
<div class='stack-trace' id='stack-trace288306765'><pre>org.openqa.selenium.NoSuchWindowException: no such window: target window already closed
from unknown error: web view not found
  (Session info: chrome=78.0.3904.108)
Build info: version: &apos;3.14.0&apos;, revision: &apos;aacccce0&apos;, time: &apos;2018-08-02T20:19:58.91Z&apos;
System info: host: &apos;IN-GU1LPW100191&apos;, ip: &apos;10.144.228.226&apos;, os.name: &apos;Windows 10&apos;, os.arch: &apos;amd64&apos;, os.version: &apos;10.0&apos;, java.version: &apos;1.8.0_191&apos;
Driver info: org.openqa.selenium.chrome.ChromeDriver
Capabilities {acceptInsecureCerts: false, browserName: chrome, browserVersion: 78.0.3904.108, chrome: {chromedriverVersion: 78.0.3904.70 (edb9c9f3de024..., userDataDir: C:\Users\vaibhav\AppData\Lo...}, goog:chromeOptions: {debuggerAddress: localhost:58557}, javascriptEnabled: true, networkConnectionEnabled: false, pageLoadStrategy: normal, platform: XP, platformName: XP, proxy: Proxy(), setWindowRect: true, strictFileInteractability: false, timeouts: {implicit: 0, pageLoad: 300000, script: 30000}, unhandledPromptBehavior: dismiss and notify}
Session ID: 2106db047b9ed7ebbcb35c45c038bb29
*** Element info: {Using=xpath, value=//*[@class=&apos;toggle closed&apos;]}
	at sun.reflect.NativeConstructorAccessorImpl.newInstance0(Native Method)
	at sun.reflect.NativeConstructorAccessorImpl.newInstance(NativeConstructorAccessorImpl.java:62)
	at sun.reflect.DelegatingConstructorAccessorImpl.newInstance(DelegatingConstructorAccessorImpl.java:45)
	at java.lang.reflect.Constructor.newInstance(Constructor.java:423)
	at org.openqa.selenium.remote.http.W3CHttpResponseCodec.createException(W3CHttpResponseCodec.java:187)
	at org.openqa.selenium.remote.http.W3CHttpResponseCodec.decode(W3CHttpResponseCodec.java:122)
	at org.openqa.selenium.remote.http.W3CHttpResponseCodec.decode(W3CHttpResponseCodec.java:49)
	at org.openqa.selenium.remote.HttpCommandExecutor.execute(HttpCommandExecutor.java:158)
	at org.openqa.selenium.remote.service.DriverCommandExecutor.execute(DriverCommandExecutor.java:83)
	at org.openqa.selenium.remote.RemoteWebDriver.execute(RemoteWebDriver.java:548)
	at org.openqa.selenium.remote.RemoteWebDriver.findElement(RemoteWebDriver.java:322)
	at org.openqa.selenium.remote.RemoteWebDriver.findElementByXPath(RemoteWebDriver.java:424)
	at org.openqa.selenium.By$ByXPath.findElement(By.java:353)
	at org.openqa.selenium.remote.RemoteWebDriver.findElement(RemoteWebDriver.java:314)
	at org.openqa.selenium.support.pagefactory.DefaultElementLocator.findElement(DefaultElementLocator.java:69)
	at org.openqa.selenium.support.pagefactory.internal.LocatingElementHandler.invoke(LocatingElementHandler.java:38)
	at com.sun.proxy.$Proxy9.click(Unknown Source)
	at com.Lulu.Pages.HomePage.changeCountry(HomePage.java:31)
	at com.Lulu.PagesTest.LoginPageTest.setUp(LoginPageTest.java:32)
	at sun.reflect.NativeMethodAccessorImpl.invoke0(Native Method)
	at sun.reflect.NativeMethodAccessorImpl.invoke(NativeMethodAccessorImpl.java:62)
	at sun.reflect.DelegatingMethodAccessorImpl.invoke(DelegatingMethodAccessorImpl.java:43)
	at java.lang.reflect.Method.invoke(Method.java:498)
	at org.testng.internal.MethodInvocationHelper.invokeMethod(MethodInvocationHelper.java:86)
	at org.testng.internal.Invoker.invokeConfigurationMethod(Invoker.java:514)
	at org.testng.internal.Invoker.invokeConfigurations(Invoker.java:215)
	at org.testng.internal.Invoker.invokeMethod(Invoker.java:589)
	at org.testng.internal.Invoker.invokeTestMethod(Invoker.java:822)
	at org.testng.internal.Invoker.invokeTestMethods(Invoker.java:1130)
	at org.testng.internal.TestMethodWorker.invokeTestMethods(TestMethodWorker.java:129)
	at org.testng.internal.TestMethodWorker.run(TestMethodWorker.java:112)
	at org.testng.TestRunner.privateRun(TestRunner.java:782)
	at org.testng.TestRunner.run(TestRunner.java:632)
	at org.testng.SuiteRunner.runTest(SuiteRunner.java:366)
	at org.testng.SuiteRunner.runSequentially(SuiteRunner.java:361)
	at org.testng.SuiteRunner.privateRun(SuiteRunner.java:319)
	at org.testng.SuiteRunner.run(SuiteRunner.java:268)
	at org.testng.SuiteRunnerWorker.runSuite(SuiteRunnerWorker.java:52)
	at org.testng.SuiteRunnerWorker.run(SuiteRunnerWorker.java:86)
	at org.testng.TestNG.runSuitesSequentially(TestNG.java:1244)
	at org.testng.TestNG.runSuitesLocally(TestNG.java:1169)
	at org.testng.TestNG.run(TestNG.java:1064)
	at org.testng.remote.RemoteTestNG.run(RemoteTestNG.java:113)
	at org.testng.remote.RemoteTestNG.initAndRun(RemoteTestNG.java:206)
	at org.testng.remote.RemoteTestNG.main(RemoteTestNG.java:177)
</pre></div></td>
<td>0</td>
<td>com.Lulu.PagesTest.LoginPageTest@7d417077</td></tr>
</table><p>
<table width='100%' border='1' class='invocation-skipped'>
<tr><td colspan='4' align='center'><b>SKIPPED CONFIGURATIONS</b></td></tr>
<tr><td><b>Test method</b></td>
<td width="30%"><b>Exception</b></td>
<td width="10%"><b>Time (seconds)</b></td>
<td><b>Instance</b></td>
</tr>
<tr>
<td title='com.Lulu.PagesTest.LoginPageTest.setUp()'><b>setUp</b><br>Test class: com.Lulu.PagesTest.LoginPageTest</td>
<td></td>
<td>0</td>
<td>com.Lulu.PagesTest.LoginPageTest@7d417077</td></tr>
<tr>
<td title='com.Lulu.PagesTest.LoginPageTest.setUp()'><b>setUp</b><br>Test class: com.Lulu.PagesTest.LoginPageTest</td>
<td></td>
<td>0</td>
<td>com.Lulu.PagesTest.LoginPageTest@7d417077</td></tr>
<tr>
<td title='com.Lulu.PagesTest.LoginPageTest.setUp()'><b>setUp</b><br>Test class: com.Lulu.PagesTest.LoginPageTest</td>
<td></td>
<td>0</td>
<td>com.Lulu.PagesTest.LoginPageTest@7d417077</td></tr>
<tr>
<td title='com.Lulu.PagesTest.LoginPageTest.setUp()'><b>setUp</b><br>Test class: com.Lulu.PagesTest.LoginPageTest</td>
<td></td>
<td>0</td>
<td>com.Lulu.PagesTest.LoginPageTest@7d417077</td></tr>
<tr>
<td title='com.Lulu.PagesTest.LoginPageTest.setUp()'><b>setUp</b><br>Test class: com.Lulu.PagesTest.LoginPageTest</td>
<td></td>
<td>0</td>
<td>com.Lulu.PagesTest.LoginPageTest@7d417077</td></tr>
<tr>
<td title='com.Lulu.PagesTest.LoginPageTest.tearDown()'><b>tearDown</b><br>Test class: com.Lulu.PagesTest.LoginPageTest</td>
<td></td>
<td>0</td>
<td>com.Lulu.PagesTest.LoginPageTest@7d417077</td></tr>
<tr>
<td title='com.Lulu.PagesTest.LoginPageTest.tearDown()'><b>tearDown</b><br>Test class: com.Lulu.PagesTest.LoginPageTest</td>
<td></td>
<td>0</td>
<td>com.Lulu.PagesTest.LoginPageTest@7d417077</td></tr>
<tr>
<td title='com.Lulu.PagesTest.LoginPageTest.tearDown()'><b>tearDown</b><br>Test class: com.Lulu.PagesTest.LoginPageTest</td>
<td></td>
<td>0</td>
<td>com.Lulu.PagesTest.LoginPageTest@7d417077</td></tr>
<tr>
<td title='com.Lulu.PagesTest.LoginPageTest.tearDown()'><b>tearDown</b><br>Test class: com.Lulu.PagesTest.LoginPageTest</td>
<td></td>
<td>0</td>
<td>com.Lulu.PagesTest.LoginPageTest@7d417077</td></tr>
<tr>
<td title='com.Lulu.PagesTest.LoginPageTest.tearDown()'><b>tearDown</b><br>Test class: com.Lulu.PagesTest.LoginPageTest</td>
<td></td>
<td>0</td>
<td>com.Lulu.PagesTest.LoginPageTest@7d417077</td></tr>
<tr>
<td title='com.Lulu.PagesTest.LoginPageTest.tearDown()'><b>tearDown</b><br>Test class: com.Lulu.PagesTest.LoginPageTest</td>
<td></td>
<td>0</td>
<td>com.Lulu.PagesTest.LoginPageTest@7d417077</td></tr>
</table><p>
<table width='100%' border='1' class='invocation-passed'>
<tr><td colspan='4' align='center'><b>PASSED TESTS</b></td></tr>
<tr><td><b>Test method</b></td>
<td width="30%"><b>Exception</b></td>
<td width="10%"><b>Time (seconds)</b></td>
<td><b>Instance</b></td>
</tr>
<tr>
<td title='com.Lulu.PagesTest.LoginPageTest.doLoginTest()'><b>doLoginTest</b><br>Test class: com.Lulu.PagesTest.LoginPageTest<br>Parameters: Manjeet, Test</td>
<td></td>
<td>20</td>
<td>com.Lulu.PagesTest.LoginPageTest@7d417077</td></tr>
</table><p>
<table width='100%' border='1' class='invocation-skipped'>
<tr><td colspan='4' align='center'><b>SKIPPED TESTS</b></td></tr>
<tr><td><b>Test method</b></td>
<td width="30%"><b>Exception</b></td>
<td width="10%"><b>Time (seconds)</b></td>
<td><b>Instance</b></td>
</tr>
<tr>
<td title='com.Lulu.PagesTest.LoginPageTest.doLoginTest()'><b>doLoginTest</b><br>Test class: com.Lulu.PagesTest.LoginPageTest<br>Parameters: Pardeep, Test</td>
<td></td>
<td>0</td>
<td>com.Lulu.PagesTest.LoginPageTest@7d417077</td></tr>
<tr>
<td title='com.Lulu.PagesTest.LoginPageTest.doLoginTest()'><b>doLoginTest</b><br>Test class: com.Lulu.PagesTest.LoginPageTest<br>Parameters: Vaibhav, Test</td>
<td></td>
<td>0</td>
<td>com.Lulu.PagesTest.LoginPageTest@7d417077</td></tr>
<tr>
<td title='com.Lulu.PagesTest.LoginPageTest.doLoginTest()'><b>doLoginTest</b><br>Test class: com.Lulu.PagesTest.LoginPageTest<br>Parameters: qeqw, qddd</td>
<td></td>
<td>0</td>
<td>com.Lulu.PagesTest.LoginPageTest@7d417077</td></tr>
<tr>
<td title='com.Lulu.PagesTest.LoginPageTest.doLoginTest()'><b>doLoginTest</b><br>Test class: com.Lulu.PagesTest.LoginPageTest<br>Parameters: ad, qdq</td>
<td></td>
<td>0</td>
<td>com.Lulu.PagesTest.LoginPageTest@7d417077</td></tr>
<tr>
<td title='com.Lulu.PagesTest.LoginPageTest.doLoginTest()'><b>doLoginTest</b><br>Test class: com.Lulu.PagesTest.LoginPageTest<br>Parameters: qwdqwd, qdad</td>
<td></td>
<td>0</td>
<td>com.Lulu.PagesTest.LoginPageTest@7d417077</td></tr>
<tr>
<td title='com.Lulu.PagesTest.LoginPageTest.doLoginTest()'><b>doLoginTest</b><br>Test class: com.Lulu.PagesTest.LoginPageTest<br>Parameters: qdwqd, qdq</td>
<td></td>
<td>0</td>
<td>com.Lulu.PagesTest.LoginPageTest@7d417077</td></tr>
</table><p>
</body>
</html>